CRITICAL - 2022-02-04 03:32:51 --> Invalid file: Portfolio/header.php
#0 C:\Users\BTS SIO\Documents\Projet\Portfolio\system\View\View.php(198): CodeIgniter\Exceptions\FrameworkException::forInvalidFile('Portfolio/heade...')
#1 C:\Users\BTS SIO\Documents\Projet\Portfolio\system\Common.php(1097): CodeIgniter\View\View->render('Portfolio/heade...', Array, true)
#2 C:\Users\BTS SIO\Documents\Projet\Portfolio\app\Controllers\Portfolio.php(8): view('Portfolio/heade...')
#3 C:\Users\BTS SIO\Documents\Projet\Portfolio\system\CodeIgniter.php(824): App\Controllers\Portfolio->accueil()
#4 C:\Users\BTS SIO\Documents\Projet\Portfolio\system\CodeIgniter.php(410): CodeIgniter\CodeIgniter->runController(Object(App\Controllers\Portfolio))
#5 C:\Users\BTS SIO\Documents\Projet\Portfolio\system\CodeIgniter.php(318): CodeIgniter\CodeIgniter->handleRequest(NULL, Object(Config\Cache), false)
#6 C:\Users\BTS SIO\Documents\Projet\Portfolio\public\index.php(37): CodeIgniter\CodeIgniter->run()
#7 C:\Users\BTS SIO\Documents\Projet\Portfolio\system\Commands\Server\rewrite.php(43): require_once('C:\\Users\\BTS SI...')
#8 {main}
CRITICAL - 2022-02-04 03:34:57 --> Invalid file: Portfolio/bonjour.php
#0 C:\Users\BTS SIO\Documents\Projet\Portfolio\system\View\View.php(198): CodeIgniter\Exceptions\FrameworkException::forInvalidFile('Portfolio/bonjo...')
#1 C:\Users\BTS SIO\Documents\Projet\Portfolio\system\Common.php(1097): CodeIgniter\View\View->render('Portfolio/bonjo...', Array, true)
#2 C:\Users\BTS SIO\Documents\Projet\Portfolio\app\Controllers\Portfolio.php(9): view('Portfolio/bonjo...')
#3 C:\Users\BTS SIO\Documents\Projet\Portfolio\system\CodeIgniter.php(824): App\Controllers\Portfolio->accueil()
#4 C:\Users\BTS SIO\Documents\Projet\Portfolio\system\CodeIgniter.php(410): CodeIgniter\CodeIgniter->runController(Object(App\Controllers\Portfolio))
#5 C:\Users\BTS SIO\Documents\Projet\Portfolio\system\CodeIgniter.php(318): CodeIgniter\CodeIgniter->handleRequest(NULL, Object(Config\Cache), false)
#6 C:\Users\BTS SIO\Documents\Projet\Portfolio\public\index.php(37): CodeIgniter\CodeIgniter->run()
#7 C:\Users\BTS SIO\Documents\Projet\Portfolio\system\Commands\Server\rewrite.php(43): require_once('C:\\Users\\BTS SI...')
#8 {main}
