CRITICAL - 2022-02-09 03:55:11 --> Invalid file: templates/header.php
#0 C:\Users\BTS SIO\Documents\Projet\Portfolio\system\View\View.php(198): CodeIgniter\Exceptions\FrameworkException::forInvalidFile('templates/heade...')
#1 C:\Users\BTS SIO\Documents\Projet\Portfolio\system\Common.php(1097): CodeIgniter\View\View->render('templates/heade...', Array, true)
#2 C:\Users\BTS SIO\Documents\Projet\Portfolio\app\Controllers\Portfolio.php(8): view('templates/heade...')
#3 C:\Users\BTS SIO\Documents\Projet\Portfolio\system\CodeIgniter.php(824): App\Controllers\Portfolio->accueil()
#4 C:\Users\BTS SIO\Documents\Projet\Portfolio\system\CodeIgniter.php(410): CodeIgniter\CodeIgniter->runController(Object(App\Controllers\Portfolio))
#5 C:\Users\BTS SIO\Documents\Projet\Portfolio\system\CodeIgniter.php(318): CodeIgniter\CodeIgniter->handleRequest(NULL, Object(Config\Cache), false)
#6 C:\Users\BTS SIO\Documents\Projet\Portfolio\public\index.php(37): CodeIgniter\CodeIgniter->run()
#7 C:\Users\BTS SIO\Documents\Projet\Portfolio\system\Commands\Server\rewrite.php(43): require_once('C:\\Users\\BTS SI...')
#8 {main}
CRITICAL - 2022-02-09 03:57:06 --> Invalid file: layout/base.php
#0 C:\Users\BTS SIO\Documents\Projet\Portfolio\system\View\View.php(198): CodeIgniter\Exceptions\FrameworkException::forInvalidFile('layout/base.php')
#1 C:\Users\BTS SIO\Documents\Projet\Portfolio\system\View\View.php(230): CodeIgniter\View\View->render('layout/base', Array, true)
#2 C:\Users\BTS SIO\Documents\Projet\Portfolio\system\Common.php(1097): CodeIgniter\View\View->render('front/accueil', Array, true)
#3 C:\Users\BTS SIO\Documents\Projet\Portfolio\app\Controllers\Home.php(9): view('front/accueil')
#4 C:\Users\BTS SIO\Documents\Projet\Portfolio\system\CodeIgniter.php(824): App\Controllers\Home->index()
#5 C:\Users\BTS SIO\Documents\Projet\Portfolio\system\CodeIgniter.php(410): CodeIgniter\CodeIgniter->runController(Object(App\Controllers\Home))
#6 C:\Users\BTS SIO\Documents\Projet\Portfolio\system\CodeIgniter.php(318): CodeIgniter\CodeIgniter->handleRequest(NULL, Object(Config\Cache), false)
#7 C:\Users\BTS SIO\Documents\Projet\Portfolio\public\index.php(37): CodeIgniter\CodeIgniter->run()
#8 C:\Users\BTS SIO\Documents\Projet\Portfolio\system\Commands\Server\rewrite.php(43): require_once('C:\\Users\\BTS SI...')
#9 {main}
