CRITICAL - 2022-01-03 03:47:00 --> Use of undefined constant chope - assumed 'chope' (this will throw an Error in a future version of PHP)
#0 C:\Users\BTS SIO\Documents\BTS SIO\Projet\Portfolio\app\Views\Portfolio\projet.php(5): CodeIgniter\Debug\Exceptions->errorHandler(2, 'Use of undefine...', 'C:\\Users\\BTS SI...', 5, Array)
#1 C:\Users\BTS SIO\Documents\BTS SIO\Projet\Portfolio\system\View\View.php(214): include('C:\\Users\\BTS SI...')
#2 C:\Users\BTS SIO\Documents\BTS SIO\Projet\Portfolio\system\View\View.php(217): CodeIgniter\View\View->CodeIgniter\View\{closure}()
#3 C:\Users\BTS SIO\Documents\BTS SIO\Projet\Portfolio\system\Common.php(1097): CodeIgniter\View\View->render('Portfolio/proje...', Array, true)
#4 C:\Users\BTS SIO\Documents\BTS SIO\Projet\Portfolio\app\Controllers\Portfolio.php(11): view('Portfolio/proje...')
#5 C:\Users\BTS SIO\Documents\BTS SIO\Projet\Portfolio\system\CodeIgniter.php(824): App\Controllers\Portfolio->acceuil()
#6 C:\Users\BTS SIO\Documents\BTS SIO\Projet\Portfolio\system\CodeIgniter.php(410): CodeIgniter\CodeIgniter->runController(Object(App\Controllers\Portfolio))
#7 C:\Users\BTS SIO\Documents\BTS SIO\Projet\Portfolio\system\CodeIgniter.php(318): CodeIgniter\CodeIgniter->handleRequest(NULL, Object(Config\Cache), false)
#8 C:\Users\BTS SIO\Documents\BTS SIO\Projet\Portfolio\public\index.php(37): CodeIgniter\CodeIgniter->run()
#9 C:\Users\BTS SIO\Documents\BTS SIO\Projet\Portfolio\system\Commands\Server\rewrite.php(43): require_once('C:\\Users\\BTS SI...')
#10 {main}
CRITICAL - 2022-01-03 03:47:10 --> Use of undefined constant chope - assumed 'chope' (this will throw an Error in a future version of PHP)
#0 C:\Users\BTS SIO\Documents\BTS SIO\Projet\Portfolio\app\Views\Portfolio\projet.php(5): CodeIgniter\Debug\Exceptions->errorHandler(2, 'Use of undefine...', 'C:\\Users\\BTS SI...', 5, Array)
#1 C:\Users\BTS SIO\Documents\BTS SIO\Projet\Portfolio\system\View\View.php(214): include('C:\\Users\\BTS SI...')
#2 C:\Users\BTS SIO\Documents\BTS SIO\Projet\Portfolio\system\View\View.php(217): CodeIgniter\View\View->CodeIgniter\View\{closure}()
#3 C:\Users\BTS SIO\Documents\BTS SIO\Projet\Portfolio\system\Common.php(1097): CodeIgniter\View\View->render('Portfolio/proje...', Array, true)
#4 C:\Users\BTS SIO\Documents\BTS SIO\Projet\Portfolio\app\Controllers\Portfolio.php(11): view('Portfolio/proje...')
#5 C:\Users\BTS SIO\Documents\BTS SIO\Projet\Portfolio\system\CodeIgniter.php(824): App\Controllers\Portfolio->acceuil()
#6 C:\Users\BTS SIO\Documents\BTS SIO\Projet\Portfolio\system\CodeIgniter.php(410): CodeIgniter\CodeIgniter->runController(Object(App\Controllers\Portfolio))
#7 C:\Users\BTS SIO\Documents\BTS SIO\Projet\Portfolio\system\CodeIgniter.php(318): CodeIgniter\CodeIgniter->handleRequest(NULL, Object(Config\Cache), false)
#8 C:\Users\BTS SIO\Documents\BTS SIO\Projet\Portfolio\public\index.php(37): CodeIgniter\CodeIgniter->run()
#9 C:\Users\BTS SIO\Documents\BTS SIO\Projet\Portfolio\system\Commands\Server\rewrite.php(43): require_once('C:\\Users\\BTS SI...')
#10 {main}
